<?xml version="1.0" encoding="UTF-8"?>
<!-- Generated by org.testng.reporters.JUnitReportReporter -->
<testsuite skipped="0" hostname="LAPTOP-M0T7QOK5" name="API.APItesting" tests="2" failures="0" timestamp="21 Sep 2021 04:23:35 GMT" time="6.748" errors="0">
  <testcase name="addUser" time="4.906" classname="API.APItesting"/>
  <testcase name="getUser" time="1.842" classname="API.APItesting"/>
</testsuite> <!-- API.APItesting -->
