<?xml version="1.0" encoding="UTF-8"?>
<!-- Generated by org.testng.reporters.JUnitReportReporter -->
<testsuite skipped="0" hostname="LAPTOP-M0T7QOK5" name="Utilities.HubNode" tests="1" failures="0" timestamp="01 Sep 2021 04:31:43 GMT" time="16.733" errors="0">
  <testcase name="launchUrl" time="16.733" classname="Utilities.HubNode"/>
</testsuite> <!-- Utilities.HubNode -->
