<?xml version="1.0" encoding="UTF-8"?>
<!-- Generated by org.testng.reporters.JUnitReportReporter -->
<testsuite skipped="0" hostname="LAPTOP-M0T7QOK5" name="BlueDart" tests="1" failures="0" timestamp="20 Aug 2021 04:42:22 GMT" time="4.621" errors="0">
  <testcase name="checkTracking" time="4.621" classname="BlueDart"/>
</testsuite> <!-- BlueDart -->
