<?xml version="1.0" encoding="UTF-8"?>
<!-- Generated by org.testng.reporters.JUnitReportReporter -->
<testsuite skipped="0" hostname="LAPTOP-M0T7QOK5" name="BlueDart" tests="1" failures="0" timestamp="25 Aug 2021 20:26:19 GMT" time="26.471" errors="0">
  <testcase name="checkTracking" time="26.471" classname="BlueDart"/>
</testsuite> <!-- BlueDart -->
