<?xml version="1.0" encoding="UTF-8"?>
<!-- Generated by org.testng.reporters.JUnitReportReporter -->
<testsuite skipped="0" hostname="LAPTOP-M0T7QOK5" name="BlueDart" tests="1" failures="0" timestamp="01 Sep 2021 04:48:00 GMT" time="28.122" errors="0">
  <testcase name="checkTracking" time="28.122" classname="BlueDart"/>
</testsuite> <!-- BlueDart -->
