<?xml version="1.0" encoding="UTF-8"?>
<!-- Generated by org.testng.reporters.JUnitReportReporter -->
<testsuite skipped="0" hostname="LAPTOP-M0T7QOK5" name="goRestAPI" tests="1" failures="0" timestamp="21 Sep 2021 03:55:11 GMT" time="6.052" errors="0">
  <testcase name="getUser" time="6.052" classname="goRestAPI"/>
</testsuite> <!-- goRestAPI -->
